android/app/build/intermediates/manifest_merge_blame_file/debug/manifest-merger-blame-debug-report.txt
1<?xml version="1.0" encoding="utf-8"?>
2<manifest xmlns:android="http://schemas.android.com/apk/res/android"
3    package="com.sruddadi.RonsApp"
4    android:versionCode="1"
5    android:versionName="1.0.0" >
6
7    <uses-sdk
8        android:minSdkVersion="21"
9        android:targetSdkVersion="33" />
10
11    <uses-permission android:name="android.permission.SYSTEM_ALERT_WINDOW" />
11-->src/main/AndroidManifest.xml:4:3-75
11-->src/main/AndroidManifest.xml:4:20-73
12    <uses-permission android:name="android.permission.INTERNET" />
12-->src/main/AndroidManifest.xml:2:3-64
12-->src/main/AndroidManifest.xml:2:20-62
13    <uses-permission android:name="android.permission.READ_EXTERNAL_STORAGE" />
13-->src/main/AndroidManifest.xml:3:3-77
13-->src/main/AndroidManifest.xml:3:20-75
14    <uses-permission android:name="android.permission.VIBRATE" />
14-->src/main/AndroidManifest.xml:5:3-63
14-->src/main/AndroidManifest.xml:5:20-61
15    <uses-permission android:name="android.permission.WRITE_EXTERNAL_STORAGE" />
15-->src/main/AndroidManifest.xml:6:3-78
15-->src/main/AndroidManifest.xml:6:20-76
16    <uses-permission android:name="android.permission.ACCESS_NETWORK_STATE" />
16-->src/main/AndroidManifest.xml:7:3-76
16-->src/main/AndroidManifest.xml:7:20-74
17
18    <queries>
18-->src/main/AndroidManifest.xml:8:3-14:13
19        <intent>
19-->src/main/AndroidManifest.xml:9:5-13:14
20            <action android:name="android.intent.action.VIEW" />
20-->src/main/AndroidManifest.xml:10:7-58
20-->src/main/AndroidManifest.xml:10:15-56
21
22            <category android:name="android.intent.category.BROWSABLE" />
22-->src/main/AndroidManifest.xml:11:7-67
22-->src/main/AndroidManifest.xml:11:17-65
23
24            <data android:scheme="https" />
24-->src/main/AndroidManifest.xml:12:7-37
24-->src/main/AndroidManifest.xml:12:13-35
25        </intent>
26        <!-- Query open documents -->
27        <intent>
27-->[:expo-file-system] AndroidManifest.xml:15:9-17:18
28            <action android:name="android.intent.action.OPEN_DOCUMENT_TREE" />
28-->[:expo-file-system] AndroidManifest.xml:16:13-79
28-->[:expo-file-system] AndroidManifest.xml:16:21-76
29        </intent>
30        <intent>
30-->[:expo-image-picker] AndroidManifest.xml:16:9-20:18
31
32            <!-- Required for picking images from the camera roll if targeting API 30 -->
33            <action android:name="android.media.action.IMAGE_CAPTURE" />
33-->[:expo-image-picker] AndroidManifest.xml:19:13-73
33-->[:expo-image-picker] AndroidManifest.xml:19:21-70
34        </intent>
35        <intent>
35-->[:expo-image-picker] AndroidManifest.xml:21:9-25:18
36
37            <!-- Required for picking images from the camera if targeting API 30 -->
38            <action android:name="android.media.action.ACTION_VIDEO_CAPTURE" />
38-->[:expo-image-picker] AndroidManifest.xml:24:13-80
38-->[:expo-image-picker] AndroidManifest.xml:24:21-77
39        </intent>
40        <intent>
40-->[com.github.CanHub:Android-Image-Cropper:4.3.0] AndroidManifest.xml:10:9-16:18
41            <action android:name="android.intent.action.GET_CONTENT" />
41-->[com.github.CanHub:Android-Image-Cropper:4.3.0] AndroidManifest.xml:11:13-72
41-->[com.github.CanHub:Android-Image-Cropper:4.3.0] AndroidManifest.xml:11:21-69
42
43            <category android:name="android.intent.category.OPENABLE" />
43-->[com.github.CanHub:Android-Image-Cropper:4.3.0] AndroidManifest.xml:13:13-73
43-->[com.github.CanHub:Android-Image-Cropper:4.3.0] AndroidManifest.xml:13:23-70
44
45            <data android:mimeType="*/*" />
45-->src/main/AndroidManifest.xml:12:7-37
46        </intent>
47    </queries>
48
49    <uses-permission android:name="android.permission.ACCESS_WIFI_STATE" /> <!-- Required for picking images from camera directly -->
49-->[com.facebook.flipper:flipper:0.125.0] AndroidManifest.xml:16:5-76
49-->[com.facebook.flipper:flipper:0.125.0] AndroidManifest.xml:16:22-73
50    <uses-permission android:name="android.permission.CAMERA" />
50-->[:expo-image-picker] AndroidManifest.xml:7:5-65
50-->[:expo-image-picker] AndroidManifest.xml:7:22-62
51    <uses-permission android:name="android.permission.READ_MEDIA_IMAGES" />
51-->[:expo-image-picker] AndroidManifest.xml:12:5-76
51-->[:expo-image-picker] AndroidManifest.xml:12:22-73
52    <uses-permission android:name="android.permission.READ_MEDIA_VIDEO" />
52-->[:expo-image-picker] AndroidManifest.xml:13:5-75
52-->[:expo-image-picker] AndroidManifest.xml:13:22-72
53    <uses-permission android:name="com.google.android.finsky.permission.BIND_GET_INSTALL_REFERRER_SERVICE" />
53-->[com.android.installreferrer:installreferrer:1.0] AndroidManifest.xml:9:5-110
53-->[com.android.installreferrer:installreferrer:1.0] AndroidManifest.xml:9:22-107
54
55    <application
55-->src/main/AndroidManifest.xml:15:3-34:17
56        android:name="com.sruddadi.RonsApp.MainApplication"
56-->src/main/AndroidManifest.xml:15:16-47
57        android:allowBackup="true"
57-->src/main/AndroidManifest.xml:15:162-188
58        android:appComponentFactory="androidx.core.app.CoreComponentFactory"
58-->[androidx.core:core:1.7.0] AndroidManifest.xml:24:18-86
59        android:debuggable="true"
60        android:icon="@mipmap/ic_launcher"
60-->src/main/AndroidManifest.xml:15:81-115
61        android:label="@string/app_name"
61-->src/main/AndroidManifest.xml:15:48-80
62        android:networkSecurityConfig="@xml/network_security_config"
62-->src/main/AndroidManifest.xml:15:257-317
63        android:roundIcon="@mipmap/ic_launcher_round"
63-->src/main/AndroidManifest.xml:15:116-161
64        android:theme="@style/AppTheme"
64-->src/main/AndroidManifest.xml:15:189-220
65        android:usesCleartextTraffic="true" >
65-->src/main/AndroidManifest.xml:15:221-256
66        <meta-data
66-->src/main/AndroidManifest.xml:16:5-82
67            android:name="expo.modules.updates.ENABLED"
67-->src/main/AndroidManifest.xml:16:16-59
68            android:value="true" />
68-->src/main/AndroidManifest.xml:16:60-80
69        <meta-data
69-->src/main/AndroidManifest.xml:17:5-93
70            android:name="expo.modules.updates.EXPO_SDK_VERSION"
70-->src/main/AndroidManifest.xml:17:16-68
71            android:value="48.0.0" />
71-->src/main/AndroidManifest.xml:17:69-91
72        <meta-data
72-->src/main/AndroidManifest.xml:18:5-105
73            android:name="expo.modules.updates.EXPO_UPDATES_CHECK_ON_LAUNCH"
73-->src/main/AndroidManifest.xml:18:16-80
74            android:value="ALWAYS" />
74-->src/main/AndroidManifest.xml:18:81-103
75        <meta-data
75-->src/main/AndroidManifest.xml:19:5-99
76            android:name="expo.modules.updates.EXPO_UPDATES_LAUNCH_WAIT_MS"
76-->src/main/AndroidManifest.xml:19:16-79
77            android:value="0" />
77-->src/main/AndroidManifest.xml:19:80-97
78        <meta-data
78-->src/main/AndroidManifest.xml:20:5-121
79            android:name="expo.modules.updates.EXPO_UPDATE_URL"
79-->src/main/AndroidManifest.xml:20:16-67
80            android:value="https://exp.host/@anonymous/RonsApp" />
80-->src/main/AndroidManifest.xml:20:68-119
81
82        <activity
82-->src/main/AndroidManifest.xml:21:5-32:16
83            android:name="com.sruddadi.RonsApp.MainActivity"
83-->src/main/AndroidManifest.xml:21:15-43
84            android:configChanges="keyboard|keyboardHidden|orientation|screenSize|uiMode"
84-->src/main/AndroidManifest.xml:21:77-154
85            android:exported="true"
85-->src/main/AndroidManifest.xml:21:276-299
86            android:label="@string/app_name"
86-->src/main/AndroidManifest.xml:21:44-76
87            android:launchMode="singleTask"
87-->src/main/AndroidManifest.xml:21:155-186
88            android:screenOrientation="portrait"
88-->src/main/AndroidManifest.xml:21:300-336
89            android:theme="@style/Theme.App.SplashScreen"
89-->src/main/AndroidManifest.xml:21:230-275
90            android:windowSoftInputMode="adjustResize" >
90-->src/main/AndroidManifest.xml:21:187-229
91            <intent-filter>
91-->src/main/AndroidManifest.xml:22:7-25:23
92                <action android:name="android.intent.action.MAIN" />
92-->src/main/AndroidManifest.xml:23:9-60
92-->src/main/AndroidManifest.xml:23:17-58
93
94                <category android:name="android.intent.category.LAUNCHER" />
94-->src/main/AndroidManifest.xml:24:9-68
94-->src/main/AndroidManifest.xml:24:19-66
95            </intent-filter>
96            <intent-filter>
96-->src/main/AndroidManifest.xml:26:7-31:23
97                <action android:name="android.intent.action.VIEW" />
97-->src/main/AndroidManifest.xml:10:7-58
97-->src/main/AndroidManifest.xml:10:15-56
98
99                <category android:name="android.intent.category.DEFAULT" />
99-->src/main/AndroidManifest.xml:28:9-67
99-->src/main/AndroidManifest.xml:28:19-65
100                <category android:name="android.intent.category.BROWSABLE" />
100-->src/main/AndroidManifest.xml:11:7-67
100-->src/main/AndroidManifest.xml:11:17-65
101
102                <data android:scheme="com.sruddadi.RonsApp" />
102-->src/main/AndroidManifest.xml:12:7-37
102-->src/main/AndroidManifest.xml:12:13-35
103            </intent-filter>
104        </activity>
105        <activity
105-->src/main/AndroidManifest.xml:33:5-106
106            android:name="com.facebook.react.devsupport.DevSettingsActivity"
106-->src/main/AndroidManifest.xml:33:15-79
107            android:exported="false" />
107-->src/main/AndroidManifest.xml:33:80-104
108
109        <provider
109-->[:expo-file-system] AndroidManifest.xml:21:9-30:20
110            android:name="expo.modules.filesystem.FileSystemFileProvider"
110-->[:expo-file-system] AndroidManifest.xml:22:13-74
111            android:authorities="com.sruddadi.RonsApp.FileSystemFileProvider"
111-->[:expo-file-system] AndroidManifest.xml:23:13-74
112            android:exported="false"
112-->[:expo-file-system] AndroidManifest.xml:24:13-37
113            android:grantUriPermissions="true" >
113-->[:expo-file-system] AndroidManifest.xml:25:13-47
114            <meta-data
114-->[:expo-file-system] AndroidManifest.xml:27:13-29:70
115                android:name="android.support.FILE_PROVIDER_PATHS"
115-->[:expo-file-system] AndroidManifest.xml:28:17-67
116                android:resource="@xml/file_system_provider_paths" />
116-->[:expo-file-system] AndroidManifest.xml:29:17-67
117        </provider>
118
119        <activity
119-->[:expo-image-picker] AndroidManifest.xml:29:9-31:59
120            android:name="com.canhub.cropper.CropImageActivity"
120-->[:expo-image-picker] AndroidManifest.xml:30:13-64
121            android:exported="true"
121-->[com.github.CanHub:Android-Image-Cropper:4.3.0] AndroidManifest.xml:35:13-36
122            android:theme="@style/Base.Theme.AppCompat" /> <!-- https://developer.android.com/guide/topics/manifest/provider-element.html -->
122-->[:expo-image-picker] AndroidManifest.xml:31:13-56
123        <provider
123-->[:expo-image-picker] AndroidManifest.xml:33:9-41:20
124            android:name="expo.modules.imagepicker.fileprovider.ImagePickerFileProvider"
124-->[:expo-image-picker] AndroidManifest.xml:34:13-89
125            android:authorities="com.sruddadi.RonsApp.ImagePickerFileProvider"
125-->[:expo-image-picker] AndroidManifest.xml:35:13-75
126            android:exported="false"
126-->[:expo-image-picker] AndroidManifest.xml:36:13-37
127            android:grantUriPermissions="true" >
127-->[:expo-image-picker] AndroidManifest.xml:37:13-47
128            <meta-data
128-->[:expo-file-system] AndroidManifest.xml:27:13-29:70
129                android:name="android.support.FILE_PROVIDER_PATHS"
129-->[:expo-file-system] AndroidManifest.xml:28:17-67
130                android:resource="@xml/image_picker_provider_paths" />
130-->[:expo-file-system] AndroidManifest.xml:29:17-67
131        </provider>
132
133        <meta-data
133-->[:expo-modules-core] AndroidManifest.xml:8:9-10:89
134            android:name="org.unimodules.core.AppLoader#react-native-headless"
134-->[:expo-modules-core] AndroidManifest.xml:9:13-79
135            android:value="expo.modules.adapters.react.apploader.RNHeadlessAppLoader" />
135-->[:expo-modules-core] AndroidManifest.xml:10:13-86
136
137        <provider
137-->[com.github.CanHub:Android-Image-Cropper:4.3.0] AndroidManifest.xml:23:9-31:20
138            android:name="com.canhub.cropper.CropFileProvider"
138-->[com.github.CanHub:Android-Image-Cropper:4.3.0] AndroidManifest.xml:24:13-63
139            android:authorities="com.sruddadi.RonsApp.cropper.fileprovider"
139-->[com.github.CanHub:Android-Image-Cropper:4.3.0] AndroidManifest.xml:25:13-72
140            android:exported="false"
140-->[com.github.CanHub:Android-Image-Cropper:4.3.0] AndroidManifest.xml:26:13-37
141            android:grantUriPermissions="true" >
141-->[com.github.CanHub:Android-Image-Cropper:4.3.0] AndroidManifest.xml:27:13-47
142            <meta-data
142-->[:expo-file-system] AndroidManifest.xml:27:13-29:70
143                android:name="android.support.FILE_PROVIDER_PATHS"
143-->[:expo-file-system] AndroidManifest.xml:28:17-67
144                android:resource="@xml/library_file_paths" />
144-->[:expo-file-system] AndroidManifest.xml:29:17-67
145        </provider> <!-- This is here because the library did not update yet to Android 12 so we force the exported value when merging manifests -->
146        <activity
146-->[com.github.CanHub:Android-Image-Cropper:4.3.0] AndroidManifest.xml:38:9-45:20
147            android:name="androidx.test.core.app.InstrumentationActivityInvoker$BootstrapActivity"
147-->[com.github.CanHub:Android-Image-Cropper:4.3.0] AndroidManifest.xml:39:13-99
148            android:exported="true"
148-->[com.github.CanHub:Android-Image-Cropper:4.3.0] AndroidManifest.xml:40:13-36
149            android:theme="@android:style/Theme" >
149-->[com.github.CanHub:Android-Image-Cropper:4.3.0] AndroidManifest.xml:41:13-49
150            <intent-filter>
150-->[com.github.CanHub:Android-Image-Cropper:4.3.0] AndroidManifest.xml:42:13-44:29
151                <action android:name="android.intent.action.MAIN" />
151-->src/main/AndroidManifest.xml:23:9-60
151-->src/main/AndroidManifest.xml:23:17-58
152            </intent-filter>
153        </activity>
154        <activity
154-->[com.github.CanHub:Android-Image-Cropper:4.3.0] AndroidManifest.xml:46:9-53:20
155            android:name="androidx.test.core.app.InstrumentationActivityInvoker$EmptyActivity"
155-->[com.github.CanHub:Android-Image-Cropper:4.3.0] AndroidManifest.xml:47:13-95
156            android:exported="true"
156-->[com.github.CanHub:Android-Image-Cropper:4.3.0] AndroidManifest.xml:48:13-36
157            android:theme="@android:style/Theme" >
157-->[com.github.CanHub:Android-Image-Cropper:4.3.0] AndroidManifest.xml:49:13-49
158            <intent-filter>
158-->[com.github.CanHub:Android-Image-Cropper:4.3.0] AndroidManifest.xml:42:13-44:29
159                <action android:name="android.intent.action.MAIN" />
159-->src/main/AndroidManifest.xml:23:9-60
159-->src/main/AndroidManifest.xml:23:17-58
160            </intent-filter>
161        </activity>
162        <activity
162-->[com.github.CanHub:Android-Image-Cropper:4.3.0] AndroidManifest.xml:54:9-61:20
163            android:name="androidx.test.core.app.InstrumentationActivityInvoker$EmptyFloatingActivity"
163-->[com.github.CanHub:Android-Image-Cropper:4.3.0] AndroidManifest.xml:55:13-103
164            android:exported="true"
164-->[com.github.CanHub:Android-Image-Cropper:4.3.0] AndroidManifest.xml:56:13-36
165            android:theme="@android:style/Theme.Dialog" >
165-->[com.github.CanHub:Android-Image-Cropper:4.3.0] AndroidManifest.xml:57:13-56
166            <intent-filter>
166-->[com.github.CanHub:Android-Image-Cropper:4.3.0] AndroidManifest.xml:42:13-44:29
167                <action android:name="android.intent.action.MAIN" />
167-->src/main/AndroidManifest.xml:23:9-60
167-->src/main/AndroidManifest.xml:23:17-58
168            </intent-filter>
169        </activity>
170
171        <provider
171-->[androidx.emoji2:emoji2:1.0.0] AndroidManifest.xml:26:9-34:20
172            android:name="androidx.startup.InitializationProvider"
172-->[androidx.emoji2:emoji2:1.0.0] AndroidManifest.xml:27:13-67
173            android:authorities="com.sruddadi.RonsApp.androidx-startup"
173-->[androidx.emoji2:emoji2:1.0.0] AndroidManifest.xml:28:13-68
174            android:exported="false" >
174-->[androidx.emoji2:emoji2:1.0.0] AndroidManifest.xml:29:13-37
175            <meta-data
175-->[androidx.emoji2:emoji2:1.0.0] AndroidManifest.xml:31:13-33:52
176                android:name="androidx.emoji2.text.EmojiCompatInitializer"
176-->[androidx.emoji2:emoji2:1.0.0] AndroidManifest.xml:32:17-75
177                android:value="androidx.startup" />
177-->[androidx.emoji2:emoji2:1.0.0] AndroidManifest.xml:33:17-49
178            <meta-data
178-->[androidx.lifecycle:lifecycle-process:2.4.0] AndroidManifest.xml:31:13-33:52
179                android:name="androidx.lifecycle.ProcessLifecycleInitializer"
179-->[androidx.lifecycle:lifecycle-process:2.4.0] AndroidManifest.xml:32:17-78
180                android:value="androidx.startup" />
180-->[androidx.lifecycle:lifecycle-process:2.4.0] AndroidManifest.xml:33:17-49
181        </provider>
182    </application>
183
184</manifest>